{"C:\\xampp\\htdocs\\gitRepo\\NimbleDevJSCourse\\week-2\\index.js": {"path":"C:\\xampp\\htdocs\\gitRepo\\NimbleDevJSCourse\\week-2\\index.js","statementMap":{"0":{"start":{"line":1,"column":16},"end":{"line":1,"column":34}},"1":{"start":{"line":2,"column":20},"end":{"line":2,"column":45}},"2":{"start":{"line":3,"column":25},"end":{"line":3,"column":55}},"3":{"start":{"line":4,"column":22},"end":{"line":4,"column":49}},"4":{"start":{"line":5,"column":23},"end":{"line":5,"column":51}},"5":{"start":{"line":6,"column":19},"end":{"line":6,"column":41}},"6":{"start":{"line":7,"column":0},"end":{"line":7,"column":29}},"7":{"start":{"line":8,"column":12},"end":{"line":8,"column":21}},"8":{"start":{"line":10,"column":0},"end":{"line":10,"column":26}},"9":{"start":{"line":11,"column":0},"end":{"line":11,"column":29}},"10":{"start":{"line":14,"column":0},"end":{"line":14,"column":25}},"11":{"start":{"line":15,"column":0},"end":{"line":15,"column":40}},"12":{"start":{"line":16,"column":0},"end":{"line":16,"column":34}},"13":{"start":{"line":17,"column":0},"end":{"line":17,"column":36}},"14":{"start":{"line":20,"column":0},"end":{"line":20,"column":20}}},"fnMap":{},"branchMap":{},"s":{"0":2,"1":2,"2":2,"3":2,"4":2,"5":2,"6":2,"7":2,"8":2,"9":2,"10":2,"11":2,"12":2,"13":2,"14":2},"f":{},"b":{},"_coverageSchema":"1a1c01bbd47fc00a2c39e90264f33305004495a9","hash":"5d4a01cfbeb7e8acf57bbe519cee2425a7fbaf4d"}
,"C:\\xampp\\htdocs\\gitRepo\\NimbleDevJSCourse\\week-2\\mongo-connection.js": {"path":"C:\\xampp\\htdocs\\gitRepo\\NimbleDevJSCourse\\week-2\\mongo-connection.js","statementMap":{"0":{"start":{"line":2,"column":17},"end":{"line":2,"column":36}},"1":{"start":{"line":3,"column":0},"end":{"line":3,"column":131}},"2":{"start":{"line":5,"column":11},"end":{"line":5,"column":30}},"3":{"start":{"line":6,"column":0},"end":{"line":6,"column":65}},"4":{"start":{"line":7,"column":0},"end":{"line":9,"column":3}},"5":{"start":{"line":8,"column":4},"end":{"line":8,"column":47}}},"fnMap":{"0":{"name":"(anonymous_0)","decl":{"start":{"line":7,"column":16},"end":{"line":7,"column":17}},"loc":{"start":{"line":7,"column":28},"end":{"line":9,"column":1}},"line":7}},"branchMap":{},"s":{"0":2,"1":2,"2":2,"3":2,"4":2,"5":0},"f":{"0":0},"b":{},"_coverageSchema":"1a1c01bbd47fc00a2c39e90264f33305004495a9","hash":"8d6b0a98754d4562f27f1d5fd17c804a59a24572"}
,"C:\\xampp\\htdocs\\gitRepo\\NimbleDevJSCourse\\week-2\\lib\\print-booking-history.js": {"path":"C:\\xampp\\htdocs\\gitRepo\\NimbleDevJSCourse\\week-2\\lib\\print-booking-history.js","statementMap":{"0":{"start":{"line":1,"column":15},"end":{"line":1,"column":32}},"1":{"start":{"line":4,"column":4},"end":{"line":4,"column":169}},"2":{"start":{"line":10,"column":4},"end":{"line":10,"column":44}},"3":{"start":{"line":13,"column":0},"end":{"line":13,"column":36}}},"fnMap":{"0":{"name":"printBooking","decl":{"start":{"line":3,"column":9},"end":{"line":3,"column":21}},"loc":{"start":{"line":3,"column":31},"end":{"line":5,"column":1}},"line":3},"1":{"name":"printBookingHistory","decl":{"start":{"line":7,"column":9},"end":{"line":7,"column":28}},"loc":{"start":{"line":7,"column":40},"end":{"line":11,"column":1}},"line":7}},"branchMap":{},"s":{"0":1,"1":0,"2":0,"3":1},"f":{"0":0,"1":0},"b":{},"_coverageSchema":"1a1c01bbd47fc00a2c39e90264f33305004495a9","hash":"dfebc25e91be1c2a9233b5c52ff910e34a9227a5"}
,"C:\\xampp\\htdocs\\gitRepo\\NimbleDevJSCourse\\week-2\\models\\booking.js": {"path":"C:\\xampp\\htdocs\\gitRepo\\NimbleDevJSCourse\\week-2\\models\\booking.js","statementMap":{"0":{"start":{"line":1,"column":17},"end":{"line":1,"column":36}},"1":{"start":{"line":3,"column":22},"end":{"line":16,"column":2}},"2":{"start":{"line":17,"column":0},"end":{"line":17,"column":56}},"3":{"start":{"line":18,"column":0},"end":{"line":18,"column":57}}},"fnMap":{},"branchMap":{},"s":{"0":2,"1":2,"2":2,"3":2},"f":{},"b":{},"_coverageSchema":"1a1c01bbd47fc00a2c39e90264f33305004495a9","hash":"004e01018f75ff88b06167c6ecf634595aede587"}
,"C:\\xampp\\htdocs\\gitRepo\\NimbleDevJSCourse\\week-2\\models\\driver.js": {"path":"C:\\xampp\\htdocs\\gitRepo\\NimbleDevJSCourse\\week-2\\models\\driver.js","statementMap":{"0":{"start":{"line":1,"column":17},"end":{"line":1,"column":36}},"1":{"start":{"line":3,"column":21},"end":{"line":8,"column":2}},"2":{"start":{"line":10,"column":0},"end":{"line":10,"column":55}}},"fnMap":{},"branchMap":{},"s":{"0":2,"1":2,"2":2},"f":{},"b":{},"_coverageSchema":"1a1c01bbd47fc00a2c39e90264f33305004495a9","hash":"bdd80e4d055119a65a2d7a7119ad333070a79c3b"}
,"C:\\xampp\\htdocs\\gitRepo\\NimbleDevJSCourse\\week-2\\models\\passenger.js": {"path":"C:\\xampp\\htdocs\\gitRepo\\NimbleDevJSCourse\\week-2\\models\\passenger.js","statementMap":{"0":{"start":{"line":1,"column":17},"end":{"line":1,"column":36}},"1":{"start":{"line":3,"column":24},"end":{"line":11,"column":2}},"2":{"start":{"line":13,"column":0},"end":{"line":13,"column":57}},"3":{"start":{"line":14,"column":0},"end":{"line":14,"column":61}}},"fnMap":{},"branchMap":{},"s":{"0":2,"1":2,"2":2,"3":2},"f":{},"b":{},"_coverageSchema":"1a1c01bbd47fc00a2c39e90264f33305004495a9","hash":"77c874d6af367824bdc79d0e7e836cddd9f01b1e"}
,"C:\\xampp\\htdocs\\gitRepo\\NimbleDevJSCourse\\week-2\\routes\\bookings.js": {"path":"C:\\xampp\\htdocs\\gitRepo\\NimbleDevJSCourse\\week-2\\routes\\bookings.js","statementMap":{"0":{"start":{"line":1,"column":27},"end":{"line":1,"column":49}},"1":{"start":{"line":3,"column":15},"end":{"line":3,"column":42}},"2":{"start":{"line":5,"column":0},"end":{"line":8,"column":2}},"3":{"start":{"line":6,"column":21},"end":{"line":6,"column":48}},"4":{"start":{"line":7,"column":4},"end":{"line":7,"column":40}},"5":{"start":{"line":10,"column":0},"end":{"line":15,"column":2}},"6":{"start":{"line":11,"column":21},"end":{"line":11,"column":39}},"7":{"start":{"line":12,"column":21},"end":{"line":12,"column":66}},"8":{"start":{"line":14,"column":4},"end":{"line":14,"column":40}},"9":{"start":{"line":17,"column":0},"end":{"line":17,"column":23}}},"fnMap":{"0":{"name":"(anonymous_0)","decl":{"start":{"line":5,"column":16},"end":{"line":5,"column":17}},"loc":{"start":{"line":5,"column":36},"end":{"line":8,"column":1}},"line":5},"1":{"name":"(anonymous_1)","decl":{"start":{"line":10,"column":22},"end":{"line":10,"column":23}},"loc":{"start":{"line":10,"column":42},"end":{"line":15,"column":1}},"line":10}},"branchMap":{},"s":{"0":2,"1":2,"2":2,"3":0,"4":0,"5":2,"6":0,"7":0,"8":0,"9":2},"f":{"0":0,"1":0},"b":{},"_coverageSchema":"1a1c01bbd47fc00a2c39e90264f33305004495a9","hash":"e6820bfe99f1ae8ba47a1ea1e97ec3f7e8a77a67"}
,"C:\\xampp\\htdocs\\gitRepo\\NimbleDevJSCourse\\week-2\\routes\\drivers.js": {"path":"C:\\xampp\\htdocs\\gitRepo\\NimbleDevJSCourse\\week-2\\routes\\drivers.js","statementMap":{"0":{"start":{"line":1,"column":26},"end":{"line":1,"column":48}},"1":{"start":{"line":3,"column":15},"end":{"line":3,"column":42}},"2":{"start":{"line":5,"column":0},"end":{"line":8,"column":2}},"3":{"start":{"line":6,"column":20},"end":{"line":6,"column":46}},"4":{"start":{"line":7,"column":4},"end":{"line":7,"column":38}},"5":{"start":{"line":10,"column":0},"end":{"line":14,"column":2}},"6":{"start":{"line":11,"column":19},"end":{"line":11,"column":55}},"7":{"start":{"line":13,"column":4},"end":{"line":13,"column":20}},"8":{"start":{"line":16,"column":0},"end":{"line":21,"column":2}},"9":{"start":{"line":17,"column":23},"end":{"line":17,"column":33}},"10":{"start":{"line":18,"column":4},"end":{"line":18,"column":49}},"11":{"start":{"line":20,"column":4},"end":{"line":20,"column":18}},"12":{"start":{"line":23,"column":0},"end":{"line":29,"column":2}},"13":{"start":{"line":24,"column":25},"end":{"line":24,"column":35}},"14":{"start":{"line":25,"column":19},"end":{"line":25,"column":53}},"15":{"start":{"line":26,"column":4},"end":{"line":26,"column":66}},"16":{"start":{"line":26,"column":17},"end":{"line":26,"column":66}},"17":{"start":{"line":28,"column":4},"end":{"line":28,"column":36}},"18":{"start":{"line":31,"column":0},"end":{"line":36,"column":2}},"19":{"start":{"line":32,"column":21},"end":{"line":32,"column":29}},"20":{"start":{"line":33,"column":25},"end":{"line":33,"column":35}},"21":{"start":{"line":35,"column":4},"end":{"line":35,"column":50}},"22":{"start":{"line":38,"column":0},"end":{"line":38,"column":23}}},"fnMap":{"0":{"name":"(anonymous_0)","decl":{"start":{"line":5,"column":16},"end":{"line":5,"column":17}},"loc":{"start":{"line":5,"column":36},"end":{"line":8,"column":1}},"line":5},"1":{"name":"(anonymous_1)","decl":{"start":{"line":10,"column":17},"end":{"line":10,"column":18}},"loc":{"start":{"line":10,"column":37},"end":{"line":14,"column":1}},"line":10},"2":{"name":"(anonymous_2)","decl":{"start":{"line":16,"column":28},"end":{"line":16,"column":29}},"loc":{"start":{"line":16,"column":48},"end":{"line":21,"column":1}},"line":16},"3":{"name":"(anonymous_3)","decl":{"start":{"line":23,"column":25},"end":{"line":23,"column":26}},"loc":{"start":{"line":23,"column":45},"end":{"line":29,"column":1}},"line":23},"4":{"name":"(anonymous_4)","decl":{"start":{"line":31,"column":27},"end":{"line":31,"column":28}},"loc":{"start":{"line":31,"column":47},"end":{"line":36,"column":1}},"line":31}},"branchMap":{"0":{"loc":{"start":{"line":26,"column":4},"end":{"line":26,"column":66}},"type":"if","locations":[{"start":{"line":26,"column":4},"end":{"line":26,"column":66}},{"start":{"line":26,"column":4},"end":{"line":26,"column":66}}],"line":26}},"s":{"0":2,"1":2,"2":2,"3":0,"4":0,"5":2,"6":0,"7":0,"8":2,"9":0,"10":0,"11":0,"12":2,"13":0,"14":0,"15":0,"16":0,"17":0,"18":2,"19":0,"20":0,"21":0,"22":2},"f":{"0":0,"1":0,"2":0,"3":0,"4":0},"b":{"0":[0,0]},"_coverageSchema":"1a1c01bbd47fc00a2c39e90264f33305004495a9","hash":"80cf9c90b48efb3e9f4b636c0bbcbd75da553aa5"}
,"C:\\xampp\\htdocs\\gitRepo\\NimbleDevJSCourse\\week-2\\routes\\index.js": {"path":"C:\\xampp\\htdocs\\gitRepo\\NimbleDevJSCourse\\week-2\\routes\\index.js","statementMap":{"0":{"start":{"line":1,"column":15},"end":{"line":1,"column":42}},"1":{"start":{"line":3,"column":0},"end":{"line":5,"column":2}},"2":{"start":{"line":4,"column":4},"end":{"line":4,"column":23}},"3":{"start":{"line":7,"column":0},"end":{"line":7,"column":23}}},"fnMap":{"0":{"name":"(anonymous_0)","decl":{"start":{"line":3,"column":16},"end":{"line":3,"column":17}},"loc":{"start":{"line":3,"column":30},"end":{"line":5,"column":1}},"line":3}},"branchMap":{},"s":{"0":2,"1":2,"2":0,"3":2},"f":{"0":0},"b":{},"_coverageSchema":"1a1c01bbd47fc00a2c39e90264f33305004495a9","hash":"c57308d973c02c508bc91d6980a65021c79bbee6"}
,"C:\\xampp\\htdocs\\gitRepo\\NimbleDevJSCourse\\week-2\\routes\\passengers.js": {"path":"C:\\xampp\\htdocs\\gitRepo\\NimbleDevJSCourse\\week-2\\routes\\passengers.js","statementMap":{"0":{"start":{"line":1,"column":16},"end":{"line":1,"column":34}},"1":{"start":{"line":2,"column":29},"end":{"line":2,"column":51}},"2":{"start":{"line":3,"column":16},"end":{"line":3,"column":44}},"3":{"start":{"line":5,"column":15},"end":{"line":5,"column":42}},"4":{"start":{"line":7,"column":0},"end":{"line":10,"column":2}},"5":{"start":{"line":8,"column":23},"end":{"line":8,"column":52}},"6":{"start":{"line":9,"column":4},"end":{"line":9,"column":44}},"7":{"start":{"line":12,"column":0},"end":{"line":22,"column":2}},"8":{"start":{"line":13,"column":4},"end":{"line":18,"column":5}},"9":{"start":{"line":14,"column":26},"end":{"line":14,"column":65}},"10":{"start":{"line":15,"column":8},"end":{"line":15,"column":27}},"11":{"start":{"line":17,"column":8},"end":{"line":17,"column":19}},"12":{"start":{"line":24,"column":0},"end":{"line":28,"column":2}},"13":{"start":{"line":25,"column":4},"end":{"line":25,"column":66}},"14":{"start":{"line":27,"column":4},"end":{"line":27,"column":18}},"15":{"start":{"line":30,"column":0},"end":{"line":35,"column":2}},"16":{"start":{"line":31,"column":22},"end":{"line":31,"column":73}},"17":{"start":{"line":32,"column":4},"end":{"line":32,"column":72}},"18":{"start":{"line":32,"column":20},"end":{"line":32,"column":72}},"19":{"start":{"line":34,"column":4},"end":{"line":34,"column":42}},"20":{"start":{"line":37,"column":0},"end":{"line":45,"column":2}},"21":{"start":{"line":38,"column":28},"end":{"line":38,"column":38}},"22":{"start":{"line":39,"column":46},"end":{"line":39,"column":54}},"23":{"start":{"line":41,"column":20},"end":{"line":41,"column":91}},"24":{"start":{"line":44,"column":4},"end":{"line":44,"column":21}},"25":{"start":{"line":47,"column":0},"end":{"line":52,"column":2}},"26":{"start":{"line":48,"column":21},"end":{"line":48,"column":29}},"27":{"start":{"line":49,"column":28},"end":{"line":49,"column":38}},"28":{"start":{"line":51,"column":4},"end":{"line":51,"column":56}},"29":{"start":{"line":54,"column":0},"end":{"line":54,"column":23}}},"fnMap":{"0":{"name":"(anonymous_0)","decl":{"start":{"line":7,"column":16},"end":{"line":7,"column":17}},"loc":{"start":{"line":7,"column":36},"end":{"line":10,"column":1}},"line":7},"1":{"name":"(anonymous_1)","decl":{"start":{"line":12,"column":17},"end":{"line":12,"column":18}},"loc":{"start":{"line":12,"column":43},"end":{"line":22,"column":1}},"line":12},"2":{"name":"(anonymous_2)","decl":{"start":{"line":24,"column":31},"end":{"line":24,"column":32}},"loc":{"start":{"line":24,"column":51},"end":{"line":28,"column":1}},"line":24},"3":{"name":"(anonymous_3)","decl":{"start":{"line":30,"column":28},"end":{"line":30,"column":29}},"loc":{"start":{"line":30,"column":48},"end":{"line":35,"column":1}},"line":30},"4":{"name":"(anonymous_4)","decl":{"start":{"line":37,"column":38},"end":{"line":37,"column":39}},"loc":{"start":{"line":37,"column":58},"end":{"line":45,"column":1}},"line":37},"5":{"name":"(anonymous_5)","decl":{"start":{"line":47,"column":30},"end":{"line":47,"column":31}},"loc":{"start":{"line":47,"column":50},"end":{"line":52,"column":1}},"line":47}},"branchMap":{"0":{"loc":{"start":{"line":32,"column":4},"end":{"line":32,"column":72}},"type":"if","locations":[{"start":{"line":32,"column":4},"end":{"line":32,"column":72}},{"start":{"line":32,"column":4},"end":{"line":32,"column":72}}],"line":32}},"s":{"0":2,"1":2,"2":2,"3":2,"4":2,"5":0,"6":0,"7":2,"8":0,"9":0,"10":0,"11":0,"12":2,"13":0,"14":0,"15":2,"16":0,"17":0,"18":0,"19":0,"20":2,"21":0,"22":0,"23":0,"24":0,"25":2,"26":0,"27":0,"28":0,"29":2},"f":{"0":0,"1":0,"2":0,"3":0,"4":0,"5":0},"b":{"0":[0,0]},"_coverageSchema":"1a1c01bbd47fc00a2c39e90264f33305004495a9","hash":"fdb2078f20f600565a69a14c8601aa048a4d8f87"}
,"C:\\xampp\\htdocs\\gitRepo\\NimbleDevJSCourse\\week-2\\services\\base-service.js": {"path":"C:\\xampp\\htdocs\\gitRepo\\NimbleDevJSCourse\\week-2\\services\\base-service.js","statementMap":{"0":{"start":{"line":3,"column":8},"end":{"line":3,"column":26}},"1":{"start":{"line":7,"column":8},"end":{"line":7,"column":45}},"2":{"start":{"line":11,"column":8},"end":{"line":11,"column":32}},"3":{"start":{"line":15,"column":8},"end":{"line":15,"column":46}},"4":{"start":{"line":19,"column":8},"end":{"line":19,"column":58}},"5":{"start":{"line":23,"column":8},"end":{"line":23,"column":55}},"6":{"start":{"line":27,"column":8},"end":{"line":27,"column":38}},"7":{"start":{"line":31,"column":8},"end":{"line":31,"column":53}},"8":{"start":{"line":39,"column":0},"end":{"line":39,"column":28}}},"fnMap":{"0":{"name":"(anonymous_0)","decl":{"start":{"line":2,"column":4},"end":{"line":2,"column":5}},"loc":{"start":{"line":2,"column":23},"end":{"line":4,"column":5}},"line":2},"1":{"name":"(anonymous_1)","decl":{"start":{"line":6,"column":4},"end":{"line":6,"column":5}},"loc":{"start":{"line":6,"column":18},"end":{"line":8,"column":5}},"line":6},"2":{"name":"(anonymous_2)","decl":{"start":{"line":10,"column":4},"end":{"line":10,"column":5}},"loc":{"start":{"line":10,"column":11},"end":{"line":12,"column":5}},"line":10},"3":{"name":"(anonymous_3)","decl":{"start":{"line":14,"column":4},"end":{"line":14,"column":5}},"loc":{"start":{"line":14,"column":25},"end":{"line":16,"column":5}},"line":14},"4":{"name":"(anonymous_4)","decl":{"start":{"line":18,"column":4},"end":{"line":18,"column":5}},"loc":{"start":{"line":18,"column":36},"end":{"line":20,"column":5}},"line":18},"5":{"name":"(anonymous_5)","decl":{"start":{"line":22,"column":4},"end":{"line":22,"column":5}},"loc":{"start":{"line":22,"column":29},"end":{"line":24,"column":5}},"line":22},"6":{"name":"(anonymous_6)","decl":{"start":{"line":26,"column":4},"end":{"line":26,"column":5}},"loc":{"start":{"line":26,"column":19},"end":{"line":28,"column":5}},"line":26},"7":{"name":"(anonymous_7)","decl":{"start":{"line":30,"column":4},"end":{"line":30,"column":5}},"loc":{"start":{"line":30,"column":34},"end":{"line":32,"column":5}},"line":30}},"branchMap":{},"s":{"0":6,"1":0,"2":0,"3":0,"4":0,"5":0,"6":0,"7":0,"8":2},"f":{"0":6,"1":0,"2":0,"3":0,"4":0,"5":0,"6":0,"7":0},"b":{},"_coverageSchema":"1a1c01bbd47fc00a2c39e90264f33305004495a9","hash":"1c4bc1df7875a17a719f95bae3de07ac888142c4"}
,"C:\\xampp\\htdocs\\gitRepo\\NimbleDevJSCourse\\week-2\\services\\booking-service.js": {"path":"C:\\xampp\\htdocs\\gitRepo\\NimbleDevJSCourse\\week-2\\services\\booking-service.js","statementMap":{"0":{"start":{"line":1,"column":20},"end":{"line":1,"column":45}},"1":{"start":{"line":2,"column":16},"end":{"line":2,"column":44}},"2":{"start":{"line":6,"column":8},"end":{"line":6,"column":52}},"3":{"start":{"line":10,"column":8},"end":{"line":10,"column":46}},"4":{"start":{"line":14,"column":0},"end":{"line":14,"column":44}}},"fnMap":{"0":{"name":"(anonymous_0)","decl":{"start":{"line":5,"column":4},"end":{"line":5,"column":5}},"loc":{"start":{"line":5,"column":41},"end":{"line":7,"column":5}},"line":5},"1":{"name":"(anonymous_1)","decl":{"start":{"line":9,"column":4},"end":{"line":9,"column":5}},"loc":{"start":{"line":9,"column":35},"end":{"line":11,"column":5}},"line":9}},"branchMap":{},"s":{"0":2,"1":2,"2":0,"3":0,"4":2},"f":{"0":0,"1":0},"b":{},"_coverageSchema":"1a1c01bbd47fc00a2c39e90264f33305004495a9","hash":"0aa74b80a79a7034b6690bc6bdc75b280a7cd7d0"}
,"C:\\xampp\\htdocs\\gitRepo\\NimbleDevJSCourse\\week-2\\services\\driver-service.js": {"path":"C:\\xampp\\htdocs\\gitRepo\\NimbleDevJSCourse\\week-2\\services\\driver-service.js","statementMap":{"0":{"start":{"line":1,"column":20},"end":{"line":1,"column":45}},"1":{"start":{"line":2,"column":15},"end":{"line":2,"column":42}},"2":{"start":{"line":6,"column":7},"end":{"line":6,"column":39}},"3":{"start":{"line":10,"column":8},"end":{"line":10,"column":48}},"4":{"start":{"line":14,"column":0},"end":{"line":14,"column":42}}},"fnMap":{"0":{"name":"(anonymous_0)","decl":{"start":{"line":5,"column":4},"end":{"line":5,"column":5}},"loc":{"start":{"line":5,"column":27},"end":{"line":7,"column":5}},"line":5},"1":{"name":"(anonymous_1)","decl":{"start":{"line":9,"column":4},"end":{"line":9,"column":5}},"loc":{"start":{"line":9,"column":35},"end":{"line":11,"column":5}},"line":9}},"branchMap":{},"s":{"0":2,"1":2,"2":0,"3":0,"4":2},"f":{"0":0,"1":0},"b":{},"_coverageSchema":"1a1c01bbd47fc00a2c39e90264f33305004495a9","hash":"f34c0ad7d4a7165764c117520f901dc1dd416abb"}
,"C:\\xampp\\htdocs\\gitRepo\\NimbleDevJSCourse\\week-2\\services\\index.js": {"path":"C:\\xampp\\htdocs\\gitRepo\\NimbleDevJSCourse\\week-2\\services\\index.js","statementMap":{"0":{"start":{"line":1,"column":25},"end":{"line":1,"column":55}},"1":{"start":{"line":2,"column":22},"end":{"line":2,"column":49}},"2":{"start":{"line":3,"column":23},"end":{"line":3,"column":51}},"3":{"start":{"line":5,"column":0},"end":{"line":5,"column":68}}},"fnMap":{},"branchMap":{},"s":{"0":2,"1":2,"2":2,"3":2},"f":{},"b":{},"_coverageSchema":"1a1c01bbd47fc00a2c39e90264f33305004495a9","hash":"e2dc2a603132b62cfd7c5133ba161ba2b9b430b8"}
,"C:\\xampp\\htdocs\\gitRepo\\NimbleDevJSCourse\\week-2\\services\\passenger-service.js": {"path":"C:\\xampp\\htdocs\\gitRepo\\NimbleDevJSCourse\\week-2\\services\\passenger-service.js","statementMap":{"0":{"start":{"line":1,"column":20},"end":{"line":1,"column":45}},"1":{"start":{"line":2,"column":23},"end":{"line":2,"column":51}},"2":{"start":{"line":3,"column":22},"end":{"line":3,"column":49}},"3":{"start":{"line":4,"column":18},"end":{"line":4,"column":48}},"4":{"start":{"line":8,"column":8},"end":{"line":8,"column":40}},"5":{"start":{"line":12,"column":26},"end":{"line":12,"column":54}},"6":{"start":{"line":13,"column":8},"end":{"line":13,"column":76}},"7":{"start":{"line":13,"column":24},"end":{"line":13,"column":76}},"8":{"start":{"line":15,"column":23},"end":{"line":15,"column":57}},"9":{"start":{"line":16,"column":8},"end":{"line":16,"column":70}},"10":{"start":{"line":16,"column":21},"end":{"line":16,"column":70}},"11":{"start":{"line":18,"column":24},"end":{"line":18,"column":95}},"12":{"start":{"line":19,"column":8},"end":{"line":19,"column":40}},"13":{"start":{"line":20,"column":8},"end":{"line":20,"column":30}},"14":{"start":{"line":21,"column":8},"end":{"line":21,"column":22}},"15":{"start":{"line":25,"column":0},"end":{"line":25,"column":48}}},"fnMap":{"0":{"name":"(anonymous_0)","decl":{"start":{"line":7,"column":4},"end":{"line":7,"column":5}},"loc":{"start":{"line":7,"column":27},"end":{"line":9,"column":5}},"line":7},"1":{"name":"(anonymous_1)","decl":{"start":{"line":11,"column":4},"end":{"line":11,"column":5}},"loc":{"start":{"line":11,"column":59},"end":{"line":22,"column":5}},"line":11}},"branchMap":{"0":{"loc":{"start":{"line":13,"column":8},"end":{"line":13,"column":76}},"type":"if","locations":[{"start":{"line":13,"column":8},"end":{"line":13,"column":76}},{"start":{"line":13,"column":8},"end":{"line":13,"column":76}}],"line":13},"1":{"loc":{"start":{"line":16,"column":8},"end":{"line":16,"column":70}},"type":"if","locations":[{"start":{"line":16,"column":8},"end":{"line":16,"column":70}},{"start":{"line":16,"column":8},"end":{"line":16,"column":70}}],"line":16}},"s":{"0":2,"1":2,"2":2,"3":2,"4":0,"5":0,"6":0,"7":0,"8":0,"9":0,"10":0,"11":0,"12":0,"13":0,"14":0,"15":2},"f":{"0":0,"1":0},"b":{"0":[0,0],"1":[0,0]},"_coverageSchema":"1a1c01bbd47fc00a2c39e90264f33305004495a9","hash":"d0cf766a6fee548ffc16cf5124cb0bce4277e1db"}
}
