TN:
SF:index.js
FNF:0
FNH:0
DA:1,2
DA:2,2
DA:3,2
DA:4,2
DA:5,2
DA:6,2
DA:7,2
DA:8,2
DA:10,2
DA:11,2
DA:14,2
DA:15,2
DA:16,2
DA:17,2
DA:20,2
LF:15
LH:15
BRF:0
BRH:0
end_of_record
TN:
SF:mongo-connection.js
FN:7,(anonymous_0)
FNF:1
FNH:0
FNDA:0,(anonymous_0)
DA:2,2
DA:3,2
DA:5,2
DA:6,2
DA:7,2
DA:8,0
LF:6
LH:5
BRF:0
BRH:0
end_of_record
TN:
SF:lib\print-booking-history.js
FN:3,printBooking
FN:7,printBookingHistory
FNF:2
FNH:0
FNDA:0,printBooking
FNDA:0,printBookingHistory
DA:1,1
DA:4,0
DA:10,0
DA:13,1
LF:4
LH:2
BRF:0
BRH:0
end_of_record
TN:
SF:models\booking.js
FNF:0
FNH:0
DA:1,2
DA:3,2
DA:17,2
DA:18,2
LF:4
LH:4
BRF:0
BRH:0
end_of_record
TN:
SF:models\driver.js
FNF:0
FNH:0
DA:1,2
DA:3,2
DA:10,2
LF:3
LH:3
BRF:0
BRH:0
end_of_record
TN:
SF:models\passenger.js
FNF:0
FNH:0
DA:1,2
DA:3,2
DA:13,2
DA:14,2
LF:4
LH:4
BRF:0
BRH:0
end_of_record
TN:
SF:routes\bookings.js
FN:5,(anonymous_0)
FN:10,(anonymous_1)
FNF:2
FNH:0
FNDA:0,(anonymous_0)
FNDA:0,(anonymous_1)
DA:1,2
DA:3,2
DA:5,2
DA:6,0
DA:7,0
DA:10,2
DA:11,0
DA:12,0
DA:14,0
DA:17,2
LF:10
LH:5
BRF:0
BRH:0
end_of_record
TN:
SF:routes\drivers.js
FN:5,(anonymous_0)
FN:10,(anonymous_1)
FN:16,(anonymous_2)
FN:23,(anonymous_3)
FN:31,(anonymous_4)
FNF:5
FNH:0
FNDA:0,(anonymous_0)
FNDA:0,(anonymous_1)
FNDA:0,(anonymous_2)
FNDA:0,(anonymous_3)
FNDA:0,(anonymous_4)
DA:1,2
DA:3,2
DA:5,2
DA:6,0
DA:7,0
DA:10,2
DA:11,0
DA:13,0
DA:16,2
DA:17,0
DA:18,0
DA:20,0
DA:23,2
DA:24,0
DA:25,0
DA:26,0
DA:28,0
DA:31,2
DA:32,0
DA:33,0
DA:35,0
DA:38,2
LF:22
LH:8
BRDA:26,0,0,0
BRDA:26,0,1,0
BRF:2
BRH:0
end_of_record
TN:
SF:routes\index.js
FN:3,(anonymous_0)
FNF:1
FNH:0
FNDA:0,(anonymous_0)
DA:1,2
DA:3,2
DA:4,0
DA:7,2
LF:4
LH:3
BRF:0
BRH:0
end_of_record
TN:
SF:routes\passengers.js
FN:7,(anonymous_0)
FN:12,(anonymous_1)
FN:24,(anonymous_2)
FN:30,(anonymous_3)
FN:37,(anonymous_4)
FN:47,(anonymous_5)
FNF:6
FNH:0
FNDA:0,(anonymous_0)
FNDA:0,(anonymous_1)
FNDA:0,(anonymous_2)
FNDA:0,(anonymous_3)
FNDA:0,(anonymous_4)
FNDA:0,(anonymous_5)
DA:1,2
DA:2,2
DA:3,2
DA:5,2
DA:7,2
DA:8,0
DA:9,0
DA:12,2
DA:13,0
DA:14,0
DA:15,0
DA:17,0
DA:24,2
DA:25,0
DA:27,0
DA:30,2
DA:31,0
DA:32,0
DA:34,0
DA:37,2
DA:38,0
DA:39,0
DA:41,0
DA:44,0
DA:47,2
DA:48,0
DA:49,0
DA:51,0
DA:54,2
LF:29
LH:11
BRDA:32,0,0,0
BRDA:32,0,1,0
BRF:2
BRH:0
end_of_record
TN:
SF:services\base-service.js
FN:2,(anonymous_0)
FN:6,(anonymous_1)
FN:10,(anonymous_2)
FN:14,(anonymous_3)
FN:18,(anonymous_4)
FN:22,(anonymous_5)
FN:26,(anonymous_6)
FN:30,(anonymous_7)
FNF:8
FNH:1
FNDA:6,(anonymous_0)
FNDA:0,(anonymous_1)
FNDA:0,(anonymous_2)
FNDA:0,(anonymous_3)
FNDA:0,(anonymous_4)
FNDA:0,(anonymous_5)
FNDA:0,(anonymous_6)
FNDA:0,(anonymous_7)
DA:3,6
DA:7,0
DA:11,0
DA:15,0
DA:19,0
DA:23,0
DA:27,0
DA:31,0
DA:39,2
LF:9
LH:2
BRF:0
BRH:0
end_of_record
TN:
SF:services\booking-service.js
FN:5,(anonymous_0)
FN:9,(anonymous_1)
FNF:2
FNH:0
FNDA:0,(anonymous_0)
FNDA:0,(anonymous_1)
DA:1,2
DA:2,2
DA:6,0
DA:10,0
DA:14,2
LF:5
LH:3
BRF:0
BRH:0
end_of_record
TN:
SF:services\driver-service.js
FN:5,(anonymous_0)
FN:9,(anonymous_1)
FNF:2
FNH:0
FNDA:0,(anonymous_0)
FNDA:0,(anonymous_1)
DA:1,2
DA:2,2
DA:6,0
DA:10,0
DA:14,2
LF:5
LH:3
BRF:0
BRH:0
end_of_record
TN:
SF:services\index.js
FNF:0
FNH:0
DA:1,2
DA:2,2
DA:3,2
DA:5,2
LF:4
LH:4
BRF:0
BRH:0
end_of_record
TN:
SF:services\passenger-service.js
FN:7,(anonymous_0)
FN:11,(anonymous_1)
FNF:2
FNH:0
FNDA:0,(anonymous_0)
FNDA:0,(anonymous_1)
DA:1,2
DA:2,2
DA:3,2
DA:4,2
DA:8,0
DA:12,0
DA:13,0
DA:15,0
DA:16,0
DA:18,0
DA:19,0
DA:20,0
DA:21,0
DA:25,2
LF:14
LH:5
BRDA:13,0,0,0
BRDA:13,0,1,0
BRDA:16,1,0,0
BRDA:16,1,1,0
BRF:4
BRH:0
end_of_record
